# JRE version: OpenJDK Runtime Environment Temurin-17.0.12+7 (17.0.12+7) (build 17.0.12+7)
# Java VM: OpenJDK 64-Bit Server VM Temurin-17.0.12+7 (17.0.12+7, mixed mode, emulated-client, tiered, compressed oops, compressed class ptrs, g1 gc, windows-amd64)
GC Precious Log:
 CPUs: 12 total, 12 available
 Memory: 7549M
 Large Page Support: Disabled
 NUMA Support: Disabled
 Compressed Oops: Enabled (32-bit)
 Heap Region Size: 1M
 Heap Min Capacity: 8M
 Heap Initial Capacity: 118M
 Heap Max Capacity: 1G
 Pre-touch: Disabled
 Parallel Workers: 10
 Concurrent Workers: 3
 Concurrent Refinement Workers: 10
 Periodic GC: Disabled
Heap:
 garbage-first heap   total 153600K, used 46398K [0x00000000c0000000, 0x0000000100000000)
  region size 1024K, 1 young (1024K), 0 survivors (0K)
 Metaspace       used 62961K, committed 63488K, reserved 1114112K
  class space    used 7961K, committed 8192K, reserved 1048576K
GC Heap History (20 events):
Event: 6593.338 GC heap after
{Heap after GC invocations=342 (full 276):
 garbage-first heap   total 153600K, used 46398K [0x00000000c0000000, 0x0000000100000000)
  region size 1024K, 0 young (0K), 0 survivors (0K)
 Metaspace       used 62961K, committed 63488K, reserved 1114112K
  class space    used 7961K, committed 8192K, reserved 1048576K
}
Event: 6603.521 GC heap before
{Heap before GC invocations=342 (full 276):
 garbage-first heap   total 153600K, used 46398K [0x00000000c0000000, 0x0000000100000000)
  region size 1024K, 1 young (1024K), 0 survivors (0K)
 Metaspace       used 62961K, committed 63488K, reserved 1114112K
  class space    used 7961K, committed 8192K, reserved 1048576K
}
Event: 6603.557 GC heap after
{Heap after GC invocations=343 (full 277):
 garbage-first heap   total 153600K, used 46398K [0x00000000c0000000, 0x0000000100000000)
  region size 1024K, 0 young (0K), 0 survivors (0K)
 Metaspace       used 62961K, committed 63488K, reserved 1114112K
  class space    used 7961K, committed 8192K, reserved 1048576K
}
Event: 6613.753 GC heap before
{Heap before GC invocations=343 (full 277):
 garbage-first heap   total 153600K, used 46398K [0x00000000c0000000, 0x0000000100000000)
  region size 1024K, 1 young (1024K), 0 survivors (0K)
 Metaspace       used 62961K, committed 63488K, reserved 1114112K
  class space    used 7961K, committed 8192K, reserved 1048576K
}
Event: 6613.799 GC heap after
{Heap after GC invocations=344 (full 278):
 garbage-first heap   total 153600K, used 46398K [0x00000000c0000000, 0x0000000100000000)
  region size 1024K, 0 young (0K), 0 survivors (0K)
 Metaspace       used 62961K, committed 63488K, reserved 1114112K
  class space    used 7961K, committed 8192K, reserved 1048576K
}
Event: 6623.974 GC heap before
{Heap before GC invocations=344 (full 278):
 garbage-first heap   total 153600K, used 46398K [0x00000000c0000000, 0x0000000100000000)
  region size 1024K, 1 young (1024K), 0 survivors (0K)
 Metaspace       used 62961K, committed 63488K, reserved 1114112K
  class space    used 7961K, committed 8192K, reserved 1048576K
}
Event: 6624.027 GC heap after
{Heap after GC invocations=345 (full 279):
 garbage-first heap   total 153600K, used 46398K [0x00000000c0000000, 0x0000000100000000)
  region size 1024K, 0 young (0K), 0 survivors (0K)
 Metaspace       used 62961K, committed 63488K, reserved 1114112K
  class space    used 7961K, committed 8192K, reserved 1048576K
}
Event: 6634.186 GC heap before
{Heap before GC invocations=345 (full 279):
 garbage-first heap   total 153600K, used 46398K [0x00000000c0000000, 0x0000000100000000)
  region size 1024K, 1 young (1024K), 0 survivors (0K)
 Metaspace       used 62961K, committed 63488K, reserved 1114112K
  class space    used 7961K, committed 8192K, reserved 1048576K
}
Event: 6634.230 GC heap after
{Heap after GC invocations=346 (full 280):
 garbage-first heap   total 153600K, used 46398K [0x00000000c0000000, 0x0000000100000000)
  region size 1024K, 0 young (0K), 0 survivors (0K)
 Metaspace       used 62961K, committed 63488K, reserved 1114112K
  class space    used 7961K, committed 8192K, reserved 1048576K
}
Event: 6644.395 GC heap before
{Heap before GC invocations=346 (full 280):
 garbage-first heap   total 153600K, used 46398K [0x00000000c0000000, 0x0000000100000000)
  region size 1024K, 1 young (1024K), 0 survivors (0K)
 Metaspace       used 62961K, committed 63488K, reserved 1114112K
  class space    used 7961K, committed 8192K, reserved 1048576K
}
Event: 6644.427 GC heap after
{Heap after GC invocations=347 (full 281):
 garbage-first heap   total 153600K, used 46398K [0x00000000c0000000, 0x0000000100000000)
  region size 1024K, 0 young (0K), 0 survivors (0K)
 Metaspace       used 62961K, committed 63488K, reserved 1114112K
  class space    used 7961K, committed 8192K, reserved 1048576K
}
Event: 6654.624 GC heap before
{Heap before GC invocations=347 (full 281):
 garbage-first heap   total 153600K, used 46398K [0x00000000c0000000, 0x0000000100000000)
  region size 1024K, 1 young (1024K), 0 survivors (0K)
 Metaspace       used 62961K, committed 63488K, reserved 1114112K
  class space    used 7961K, committed 8192K, reserved 1048576K
}
Event: 6654.662 GC heap after
{Heap after GC invocations=348 (full 282):
 garbage-first heap   total 153600K, used 46398K [0x00000000c0000000, 0x0000000100000000)
  region size 1024K, 0 young (0K), 0 survivors (0K)
 Metaspace       used 62961K, committed 63488K, reserved 1114112K
  class space    used 7961K, committed 8192K, reserved 1048576K
}
Event: 6664.875 GC heap before
{Heap before GC invocations=348 (full 282):
 garbage-first heap   total 153600K, used 46398K [0x00000000c0000000, 0x0000000100000000)
  region size 1024K, 1 young (1024K), 0 survivors (0K)
 Metaspace       used 62961K, committed 63488K, reserved 1114112K
  class space    used 7961K, committed 8192K, reserved 1048576K
}
Event: 6664.919 GC heap after
{Heap after GC invocations=349 (full 283):
 garbage-first heap   total 153600K, used 46398K [0x00000000c0000000, 0x0000000100000000)
  region size 1024K, 0 young (0K), 0 survivors (0K)
 Metaspace       used 62961K, committed 63488K, reserved 1114112K
  class space    used 7961K, committed 8192K, reserved 1048576K
}
Event: 6675.121 GC heap before
{Heap before GC invocations=349 (full 283):
 garbage-first heap   total 153600K, used 46398K [0x00000000c0000000, 0x0000000100000000)
  region size 1024K, 1 young (1024K), 0 survivors (0K)
 Metaspace       used 62961K, committed 63488K, reserved 1114112K
  class space    used 7961K, committed 8192K, reserved 1048576K
}
Event: 6675.155 GC heap after
{Heap after GC invocations=350 (full 284):
 garbage-first heap   total 153600K, used 46398K [0x00000000c0000000, 0x0000000100000000)
  region size 1024K, 0 young (0K), 0 survivors (0K)
 Metaspace       used 62961K, committed 63488K, reserved 1114112K
  class space    used 7961K, committed 8192K, reserved 1048576K
}
Event: 6685.351 GC heap before
{Heap before GC invocations=350 (full 284):
 garbage-first heap   total 153600K, used 46398K [0x00000000c0000000, 0x0000000100000000)
  region size 1024K, 1 young (1024K), 0 survivors (0K)
 Metaspace       used 62961K, committed 63488K, reserved 1114112K
  class space    used 7961K, committed 8192K, reserved 1048576K
}
Event: 6685.395 GC heap after
{Heap after GC invocations=351 (full 285):
 garbage-first heap   total 153600K, used 46398K [0x00000000c0000000, 0x0000000100000000)
  region size 1024K, 0 young (0K), 0 survivors (0K)
 Metaspace       used 62961K, committed 63488K, reserved 1114112K
  class space    used 7961K, committed 8192K, reserved 1048576K
}
Event: 6695.570 GC heap before
{Heap before GC invocations=351 (full 285):
 garbage-first heap   total 153600K, used 46398K [0x00000000c0000000, 0x0000000100000000)
  region size 1024K, 1 young (1024K), 0 survivors (0K)
 Metaspace       used 62961K, committed 63488K, reserved 1114112K
  class space    used 7961K, committed 8192K, reserved 1048576K
}

